<?xml version="1.0" encoding="UTF-8"?>
<testsuite xmlns:xsi="http://www.w3.org/2001/XMLSchema-instance" xsi:noNamespaceSchemaLocation="https://maven.apache.org/surefire/maven-surefire-plugin/xsd/surefire-test-report.xsd" version="3.0.2" name="com.omega.on.producer.ProducerApplicationTests" time="6.704" tests="1" errors="0" skipped="0" failures="0">
  <properties>
[...]
</properties>
  <testcase name="contextLoads" classname="com.omega.on.producer.ProducerApplicationTests" time="1.142">
    <system-out><![CDATA[23:12:51.929 [main] INFO org.springframework.test.context.support.AnnotationConfigContextLoaderUtils -- Could not detect default configuration classes for test class [com.omega.on.producer.ProducerApplicationTests]: ProducerApplicationTests does not declare any static, non-private, non-final, nested classes annotated with @Configuration.
23:12:52.240 [main] INFO org.springframework.boot.test.context.SpringBootTestContextBootstrapper -- Found @SpringBootConfiguration com.omega.on.producer.ProducerApplication for test class com.omega.on.producer.ProducerApplicationTests
  .   ____          _            __ _ _
 /\\ / ___'_ __ _ _(_)_ __  __ _ \ \ \ \
( ( )\___ | '_ | '_| | '_ \/ _` | \ \ \ \
 \\/  ___)| |_)| | | | | || (_| |  ) ) ) )
  '  |____| .__|_| |_|_| |_\__, | / / / /
 =========|_|==============|___/=/_/_/_/
 
 :: Spring Boot ::   v3.5.3
 :: Spring Cloud Stream ::   v4.3.0
 :: Spring Cloud Function ::   v4.3.0
2025-07-04T23:12:53.170+02:00  INFO 6504 --- [producer] [           main] c.o.o.producer.ProducerApplicationTests  : Starting ProducerApplicationTests using Java 24.0.1 with PID 6504 (started by sobremesa in /media/sobremesa/respaldo/Development/omegaON)
2025-07-04T23:12:53.172+02:00  INFO 6504 --- [producer] [           main] c.o.o.producer.ProducerApplicationTests  : No active profile set, falling back to 1 default profile: "default"
2025-07-04T23:12:54.150+02:00  INFO 6504 --- [producer] [           main] faultConfiguringBeanFactoryPostProcessor : No bean named 'errorChannel' has been explicitly defined. Therefore, a default PublishSubscribeChannel will be created.
2025-07-04T23:12:54.162+02:00  INFO 6504 --- [producer] [           main] faultConfiguringBeanFactoryPostProcessor : No bean named 'integrationHeaderChannelRegistry' has been explicitly defined. Therefore, a default DefaultHeaderChannelRegistry will be created.
2025-07-04T23:12:55.824+02:00  INFO 6504 --- [producer] [           main] o.a.k.clients.admin.AdminClientConfig    : AdminClientConfig values: 
	auto.include.jmx.reporter = true
	bootstrap.controllers = []
	bootstrap.servers = [localhost:9092]
	client.dns.lookup = use_all_dns_ips
	client.id = producer-admin-0
	connections.max.idle.ms = 300000
	default.api.timeout.ms = 60000
	enable.metrics.push = true
	metadata.max.age.ms = 300000
	metadata.recovery.strategy = none
	metric.reporters = []
	metrics.num.samples = 2
	metrics.recording.level = INFO
	metrics.sample.window.ms = 30000
	receive.buffer.bytes = 65536
	reconnect.backoff.max.ms = 1000
	reconnect.backoff.ms = 50
	request.timeout.ms = 30000
	retries = 2147483647
	retry.backoff.max.ms = 1000
	retry.backoff.ms = 100
	sasl.client.callback.handler.class = null
	sasl.jaas.config = null
	sasl.kerberos.kinit.cmd = /usr/bin/kinit
	sasl.kerberos.min.time.before.relogin = 60000
	sasl.kerberos.service.name = null
	sasl.kerberos.ticket.renew.jitter = 0.05
	sasl.kerberos.ticket.renew.window.factor = 0.8
	sasl.login.callback.handler.class = null
	sasl.login.class = null
	sasl.login.connect.timeout.ms = null
	sasl.login.read.timeout.ms = null
	sasl.login.refresh.buffer.seconds = 300
	sasl.login.refresh.min.period.seconds = 60
	sasl.login.refresh.window.factor = 0.8
	sasl.login.refresh.window.jitter = 0.05
	sasl.login.retry.backoff.max.ms = 10000
	sasl.login.retry.backoff.ms = 100
	sasl.mechanism = GSSAPI
	sasl.oauthbearer.clock.skew.seconds = 30
	sasl.oauthbearer.expected.audience = null
	sasl.oauthbearer.expected.issuer = null
	sasl.oauthbearer.header.urlencode = false
	sasl.oauthbearer.jwks.endpoint.refresh.ms = 3600000
	sasl.oauthbearer.jwks.endpoint.retry.backoff.max.ms = 10000
	sasl.oauthbearer.jwks.endpoint.retry.backoff.ms = 100
	sasl.oauthbearer.jwks.endpoint.url = null
	sasl.oauthbearer.scope.claim.name = scope
	sasl.oauthbearer.sub.claim.name = sub
	sasl.oauthbearer.token.endpoint.url = null
	security.protocol = PLAINTEXT
	security.providers = null
	send.buffer.bytes = 131072
	socket.connection.setup.timeout.max.ms = 30000
	socket.connection.setup.timeout.ms = 10000
	ssl.cipher.suites = null
	ssl.enabled.protocols = [TLSv1.2, TLSv1.3]
	ssl.endpoint.identification.algorithm = https
	ssl.engine.factory.class = null
	ssl.key.password = null
	ssl.keymanager.algorithm = SunX509
	ssl.keystore.certificate.chain = null
	ssl.keystore.key = null
	ssl.keystore.location = null
	ssl.keystore.password = null
	ssl.keystore.type = JKS
	ssl.protocol = TLSv1.3
	ssl.provider = null
	ssl.secure.random.implementation = null
	ssl.trustmanager.algorithm = PKIX
	ssl.truststore.certificates = null
	ssl.truststore.location = null
	ssl.truststore.password = null
	ssl.truststore.type = JKS

2025-07-04T23:12:56.231+02:00  INFO 6504 --- [producer] [           main] o.a.kafka.common.utils.AppInfoParser     : Kafka version: 3.9.1
2025-07-04T23:12:56.232+02:00  INFO 6504 --- [producer] [           main] o.a.kafka.common.utils.AppInfoParser     : Kafka commitId: f745dfdcee2b9851
2025-07-04T23:12:56.232+02:00  INFO 6504 --- [producer] [           main] o.a.kafka.common.utils.AppInfoParser     : Kafka startTimeMs: 1751663576229
2025-07-04T23:12:56.755+02:00  INFO 6504 --- [producer] [roducer-admin-0] o.a.kafka.common.utils.AppInfoParser     : App info kafka.admin.client for producer-admin-0 unregistered
2025-07-04T23:12:56.763+02:00  INFO 6504 --- [producer] [roducer-admin-0] o.apache.kafka.common.metrics.Metrics    : Metrics scheduler closed
2025-07-04T23:12:56.763+02:00  INFO 6504 --- [producer] [roducer-admin-0] o.apache.kafka.common.metrics.Metrics    : Closing reporter org.apache.kafka.common.metrics.JmxReporter
2025-07-04T23:12:56.763+02:00  INFO 6504 --- [producer] [roducer-admin-0] o.apache.kafka.common.metrics.Metrics    : Metrics reporters closed
2025-07-04T23:12:56.770+02:00  INFO 6504 --- [producer] [           main] o.s.i.endpoint.EventDrivenConsumer       : Adding {logging-channel-adapter:_org.springframework.integration.errorLogger} as a subscriber to the 'errorChannel' channel
2025-07-04T23:12:56.771+02:00  INFO 6504 --- [producer] [           main] o.s.i.channel.PublishSubscribeChannel    : Channel 'producer.errorChannel' has 1 subscriber(s).
2025-07-04T23:12:56.772+02:00  INFO 6504 --- [producer] [           main] o.s.i.endpoint.EventDrivenConsumer       : started bean '_org.springframework.integration.errorLogger'
2025-07-04T23:12:56.819+02:00  INFO 6504 --- [producer] [           main] o.a.k.clients.consumer.ConsumerConfig    : ConsumerConfig values: 
	allow.auto.create.topics = true
	auto.commit.interval.ms = 5000
	auto.include.jmx.reporter = true
	auto.offset.reset = latest
	bootstrap.servers = [localhost:9092]
	check.crcs = true
	client.dns.lookup = use_all_dns_ips
	client.id = consumer-omegaon_topic_group-1
	client.rack = 
	connections.max.idle.ms = 540000
	default.api.timeout.ms = 60000
	enable.auto.commit = false
	enable.metrics.push = true
	exclude.internal.topics = true
	fetch.max.bytes = 52428800
	fetch.max.wait.ms = 500
	fetch.min.bytes = 1
	group.id = omegaon_topic_group
	group.instance.id = null
	group.protocol = classic
	group.remote.assignor = null
	heartbeat.interval.ms = 3000
	interceptor.classes = []
	internal.leave.group.on.close = true
	internal.throw.on.fetch.stable.offset.unsupported = false
	isolation.level = read_uncommitted
	key.deserializer = class org.apache.kafka.common.serialization.ByteArrayDeserializer
	max.partition.fetch.bytes = 1048576
	max.poll.interval.ms = 300000
	max.poll.records = 500
	metadata.max.age.ms = 300000
	metadata.recovery.strategy = none
	metric.reporters = []
	metrics.num.samples = 2
	metrics.recording.level = INFO
	metrics.sample.window.ms = 30000
	partition.assignment.strategy = [class org.apache.kafka.clients.consumer.RangeAssignor, class org.apache.kafka.clients.consumer.CooperativeStickyAssignor]
	receive.buffer.bytes = 65536
	reconnect.backoff.max.ms = 1000
	reconnect.backoff.ms = 50
	request.timeout.ms = 30000
	retry.backoff.max.ms = 1000
	retry.backoff.ms = 100
	sasl.client.callback.handler.class = null
	sasl.jaas.config = null
	sasl.kerberos.kinit.cmd = /usr/bin/kinit
	sasl.kerberos.min.time.before.relogin = 60000
	sasl.kerberos.service.name = null
	sasl.kerberos.ticket.renew.jitter = 0.05
	sasl.kerberos.ticket.renew.window.factor = 0.8
	sasl.login.callback.handler.class = null
	sasl.login.class = null
	sasl.login.connect.timeout.ms = null
	sasl.login.read.timeout.ms = null
	sasl.login.refresh.buffer.seconds = 300
	sasl.login.refresh.min.period.seconds = 60
	sasl.login.refresh.window.factor = 0.8
	sasl.login.refresh.window.jitter = 0.05
	sasl.login.retry.backoff.max.ms = 10000
	sasl.login.retry.backoff.ms = 100
	sasl.mechanism = GSSAPI
	sasl.oauthbearer.clock.skew.seconds = 30
	sasl.oauthbearer.expected.audience = null
	sasl.oauthbearer.expected.issuer = null
	sasl.oauthbearer.header.urlencode = false
	sasl.oauthbearer.jwks.endpoint.refresh.ms = 3600000
	sasl.oauthbearer.jwks.endpoint.retry.backoff.max.ms = 10000
	sasl.oauthbearer.jwks.endpoint.retry.backoff.ms = 100
	sasl.oauthbearer.jwks.endpoint.url = null
	sasl.oauthbearer.scope.claim.name = scope
	sasl.oauthbearer.sub.claim.name = sub
	sasl.oauthbearer.token.endpoint.url = null
	security.protocol = PLAINTEXT
	security.providers = null
	send.buffer.bytes = 131072
	session.timeout.ms = 45000
	socket.connection.setup.timeout.max.ms = 30000
	socket.connection.setup.timeout.ms = 10000
	ssl.cipher.suites = null
	ssl.enabled.protocols = [TLSv1.2, TLSv1.3]
	ssl.endpoint.identification.algorithm = https
	ssl.engine.factory.class = null
	ssl.key.password = null
	ssl.keymanager.algorithm = SunX509
	ssl.keystore.certificate.chain = null
	ssl.keystore.key = null
	ssl.keystore.location = null
	ssl.keystore.password = null
	ssl.keystore.type = JKS
	ssl.protocol = TLSv1.3
	ssl.provider = null
	ssl.secure.random.implementation = null
	ssl.trustmanager.algorithm = PKIX
	ssl.truststore.certificates = null
	ssl.truststore.location = null
	ssl.truststore.password = null
	ssl.truststore.type = JKS
	value.deserializer = class org.apache.kafka.common.serialization.ByteArrayDeserializer

2025-07-04T23:12:56.898+02:00  INFO 6504 --- [producer] [           main] o.a.k.c.t.i.KafkaMetricsCollector        : initializing Kafka metrics collector
2025-07-04T23:12:57.006+02:00  INFO 6504 --- [producer] [           main] o.a.kafka.common.utils.AppInfoParser     : Kafka version: 3.9.1
2025-07-04T23:12:57.007+02:00  INFO 6504 --- [producer] [           main] o.a.kafka.common.utils.AppInfoParser     : Kafka commitId: f745dfdcee2b9851
2025-07-04T23:12:57.007+02:00  INFO 6504 --- [producer] [           main] o.a.kafka.common.utils.AppInfoParser     : Kafka startTimeMs: 1751663577006
2025-07-04T23:12:57.010+02:00  INFO 6504 --- [producer] [           main] o.a.k.c.c.i.ClassicKafkaConsumer         : [Consumer clientId=consumer-omegaon_topic_group-1, groupId=omegaon_topic_group] Subscribed to topic(s): omegaon.test.topic
2025-07-04T23:12:57.063+02:00  INFO 6504 --- [producer] [           main] c.o.o.producer.ProducerApplicationTests  : Started ProducerApplicationTests in 4.566 seconds (process running for 6.371)
2025-07-04T23:12:57.093+02:00  INFO 6504 --- [producer] [ntainer#0-0-C-1] org.apache.kafka.clients.Metadata        : [Consumer clientId=consumer-omegaon_topic_group-1, groupId=omegaon_topic_group] Cluster ID: TGSYclF5QpuIphvlMCUSEw
2025-07-04T23:12:57.097+02:00  INFO 6504 --- [producer] [ntainer#0-0-C-1] o.a.k.c.c.internals.ConsumerCoordinator  : [Consumer clientId=consumer-omegaon_topic_group-1, groupId=omegaon_topic_group] Discovered group coordinator localhost:9092 (id: 2147483646 rack: null)
2025-07-04T23:12:57.100+02:00  INFO 6504 --- [producer] [ntainer#0-0-C-1] o.a.k.c.c.internals.ConsumerCoordinator  : [Consumer clientId=consumer-omegaon_topic_group-1, groupId=omegaon_topic_group] (Re-)joining group
2025-07-04T23:12:57.133+02:00  INFO 6504 --- [producer] [           main] o.a.k.clients.producer.ProducerConfig    : ProducerConfig values: 
	acks = -1
	auto.include.jmx.reporter = true
	batch.size = 16384
	bootstrap.servers = [localhost:9092]
	buffer.memory = 33554432
	client.dns.lookup = use_all_dns_ips
	client.id = producer-producer-1
	compression.gzip.level = -1
	compression.lz4.level = 9
	compression.type = none
	compression.zstd.level = 3
	connections.max.idle.ms = 540000
	delivery.timeout.ms = 120000
	enable.idempotence = true
	enable.metrics.push = true
	interceptor.classes = []
	key.serializer = class org.apache.kafka.common.serialization.ByteArraySerializer
	linger.ms = 0
	max.block.ms = 60000
	max.in.flight.requests.per.connection = 5
	max.request.size = 1048576
	metadata.max.age.ms = 300000
	metadata.max.idle.ms = 300000
	metadata.recovery.strategy = none
	metric.reporters = []
	metrics.num.samples = 2
	metrics.recording.level = INFO
	metrics.sample.window.ms = 30000
	partitioner.adaptive.partitioning.enable = true
	partitioner.availability.timeout.ms = 0
	partitioner.class = null
	partitioner.ignore.keys = false
	receive.buffer.bytes = 32768
	reconnect.backoff.max.ms = 1000
	reconnect.backoff.ms = 50
	request.timeout.ms = 30000
	retries = 2147483647
	retry.backoff.max.ms = 1000
	retry.backoff.ms = 100
	sasl.client.callback.handler.class = null
	sasl.jaas.config = null
	sasl.kerberos.kinit.cmd = /usr/bin/kinit
	sasl.kerberos.min.time.before.relogin = 60000
	sasl.kerberos.service.name = null
	sasl.kerberos.ticket.renew.jitter = 0.05
	sasl.kerberos.ticket.renew.window.factor = 0.8
	sasl.login.callback.handler.class = null
	sasl.login.class = null
	sasl.login.connect.timeout.ms = null
	sasl.login.read.timeout.ms = null
	sasl.login.refresh.buffer.seconds = 300
	sasl.login.refresh.min.period.seconds = 60
	sasl.login.refresh.window.factor = 0.8
	sasl.login.refresh.window.jitter = 0.05
	sasl.login.retry.backoff.max.ms = 10000
	sasl.login.retry.backoff.ms = 100
	sasl.mechanism = GSSAPI
	sasl.oauthbearer.clock.skew.seconds = 30
	sasl.oauthbearer.expected.audience = null
	sasl.oauthbearer.expected.issuer = null
	sasl.oauthbearer.header.urlencode = false
	sasl.oauthbearer.jwks.endpoint.refresh.ms = 3600000
	sasl.oauthbearer.jwks.endpoint.retry.backoff.max.ms = 10000
	sasl.oauthbearer.jwks.endpoint.retry.backoff.ms = 100
	sasl.oauthbearer.jwks.endpoint.url = null
	sasl.oauthbearer.scope.claim.name = scope
	sasl.oauthbearer.sub.claim.name = sub
	sasl.oauthbearer.token.endpoint.url = null
	security.protocol = PLAINTEXT
	security.providers = null
	send.buffer.bytes = 131072
	socket.connection.setup.timeout.max.ms = 30000
	socket.connection.setup.timeout.ms = 10000
	ssl.cipher.suites = null
	ssl.enabled.protocols = [TLSv1.2, TLSv1.3]
	ssl.endpoint.identification.algorithm = https
	ssl.engine.factory.class = null
	ssl.key.password = null
	ssl.keymanager.algorithm = SunX509
	ssl.keystore.certificate.chain = null
	ssl.keystore.key = null
	ssl.keystore.location = null
	ssl.keystore.password = null
	ssl.keystore.type = JKS
	ssl.protocol = TLSv1.3
	ssl.provider = null
	ssl.secure.random.implementation = null
	ssl.trustmanager.algorithm = PKIX
	ssl.truststore.certificates = null
	ssl.truststore.location = null
	ssl.truststore.password = null
	ssl.truststore.type = JKS
	transaction.timeout.ms = 60000
	transactional.id = null
	value.serializer = class org.springframework.kafka.support.serializer.JsonSerializer

2025-07-04T23:12:57.136+02:00  INFO 6504 --- [producer] [           main] o.a.k.c.t.i.KafkaMetricsCollector        : initializing Kafka metrics collector
2025-07-04T23:12:57.153+02:00  INFO 6504 --- [producer] [           main] o.a.k.clients.producer.KafkaProducer     : [Producer clientId=producer-producer-1] Instantiated an idempotent producer.
2025-07-04T23:12:57.155+02:00  INFO 6504 --- [producer] [ntainer#0-0-C-1] o.a.k.c.c.internals.ConsumerCoordinator  : [Consumer clientId=consumer-omegaon_topic_group-1, groupId=omegaon_topic_group] Request joining group due to: need to re-join with the given member-id: consumer-omegaon_topic_group-1-5d5b4a6c-00d5-468b-b385-2d7756a569a1
2025-07-04T23:12:57.157+02:00  INFO 6504 --- [producer] [ntainer#0-0-C-1] o.a.k.c.c.internals.ConsumerCoordinator  : [Consumer clientId=consumer-omegaon_topic_group-1, groupId=omegaon_topic_group] (Re-)joining group
2025-07-04T23:12:57.181+02:00  INFO 6504 --- [producer] [           main] o.a.kafka.common.utils.AppInfoParser     : Kafka version: 3.9.1
2025-07-04T23:12:57.181+02:00  INFO 6504 --- [producer] [           main] o.a.kafka.common.utils.AppInfoParser     : Kafka commitId: f745dfdcee2b9851
2025-07-04T23:12:57.181+02:00  INFO 6504 --- [producer] [           main] o.a.kafka.common.utils.AppInfoParser     : Kafka startTimeMs: 1751663577180
2025-07-04T23:12:57.182+02:00  INFO 6504 --- [producer] [ntainer#0-0-C-1] o.a.k.c.c.internals.ConsumerCoordinator  : [Consumer clientId=consumer-omegaon_topic_group-1, groupId=omegaon_topic_group] Successfully joined group with generation Generation{generationId=7, memberId='consumer-omegaon_topic_group-1-5d5b4a6c-00d5-468b-b385-2d7756a569a1', protocol='range'}
2025-07-04T23:12:57.195+02:00  INFO 6504 --- [producer] [ucer-producer-1] org.apache.kafka.clients.Metadata        : [Producer clientId=producer-producer-1] Cluster ID: TGSYclF5QpuIphvlMCUSEw
2025-07-04T23:12:57.195+02:00  INFO 6504 --- [producer] [ntainer#0-0-C-1] o.a.k.c.c.internals.ConsumerCoordinator  : [Consumer clientId=consumer-omegaon_topic_group-1, groupId=omegaon_topic_group] Finished assignment for group at generation 7: {consumer-omegaon_topic_group-1-5d5b4a6c-00d5-468b-b385-2d7756a569a1=Assignment(partitions=[omegaon.test.topic-0])}
2025-07-04T23:12:57.261+02:00  INFO 6504 --- [producer] [ntainer#0-0-C-1] o.a.k.c.c.internals.ConsumerCoordinator  : [Consumer clientId=consumer-omegaon_topic_group-1, groupId=omegaon_topic_group] Successfully synced group in generation Generation{generationId=7, memberId='consumer-omegaon_topic_group-1-5d5b4a6c-00d5-468b-b385-2d7756a569a1', protocol='range'}
2025-07-04T23:12:57.262+02:00  INFO 6504 --- [producer] [ntainer#0-0-C-1] o.a.k.c.c.internals.ConsumerCoordinator  : [Consumer clientId=consumer-omegaon_topic_group-1, groupId=omegaon_topic_group] Notifying assignor about the new Assignment(partitions=[omegaon.test.topic-0])
2025-07-04T23:12:57.266+02:00  INFO 6504 --- [producer] [ntainer#0-0-C-1] k.c.c.i.ConsumerRebalanceListenerInvoker : [Consumer clientId=consumer-omegaon_topic_group-1, groupId=omegaon_topic_group] Adding newly assigned partitions: omegaon.test.topic-0
2025-07-04T23:12:57.294+02:00  INFO 6504 --- [producer] [ntainer#0-0-C-1] o.a.k.c.c.internals.ConsumerUtils        : Setting offset for partition omegaon.test.topic-0 to the committed offset FetchPosition{offset=4, offsetEpoch=Optional.empty, currentLeader=LeaderAndEpoch{leader=Optional[localhost:9092 (id: 1 rack: null)], epoch=0}}
2025-07-04T23:12:57.297+02:00  INFO 6504 --- [producer] [ntainer#0-0-C-1] o.s.k.l.KafkaMessageListenerContainer    : omegaon_topic_group: partitions assigned: [omegaon.test.topic-0]
2025-07-04T23:12:57.315+02:00  INFO 6504 --- [producer] [ucer-producer-1] o.a.k.c.p.internals.TransactionManager   : [Producer clientId=producer-producer-1] ProducerId set to 1000 with epoch 0
--------------------new page view PageView[page=about, Duration=1000, userId=lola, source=kafka]
kafka_offset=4
kafka_consumer=org.springframework.kafka.core.DefaultKafkaConsumerFactory$ExtendedKafkaConsumer@42d555d1
kafka_timestampType=CREATE_TIME
kafka_receivedPartitionId=0
kafka_receivedTopic=omegaon.test.topic
kafka_receivedTimestamp=1751663577195
kafka_groupId=omegaon_topic_group
]]></system-out>
    <system-err><![CDATA[Mockito is currently self-attaching to enable the inline-mock-maker. This will no longer work in future releases of the JDK. Please add Mockito as an agent to your build as described in Mockito's documentation: https://javadoc.io/doc/org.mockito/mockito-core/latest/org.mockito/org/mockito/Mockito.html#0.3
WARNING: A Java agent has been loaded dynamically (/home/sobremesa/.m2/repository/net/bytebuddy/byte-buddy-agent/1.17.6/byte-buddy-agent-1.17.6.jar)
WARNING: If a serviceability tool is in use, please run with -XX:+EnableDynamicAgentLoading to hide this warning
WARNING: If a serviceability tool is not in use, please run with -Djdk.instrument.traceUsage for more information
WARNING: Dynamic loading of agents will be disallowed by default in a future release
]]></system-err>
  </testcase>
</testsuite>